{
  "stats": {
    "suites": 1,
    "tests": 7,
    "passes": 7,
    "pending": 0,
    "failures": 0,
    "start": "2026-09-07T17:06:50.159Z",
    "end": "2026-09-07T17:06:57.109Z",
    "duration": 6950,
    "testsRegistered": 7,
    "passPercent": 100,
    "pendingPercent": 0,
    "other": 0,
    "hasOther": false,
    "skipped": 0,
    "hasSkipped": false
  },
  "results": [
    {
      "uuid": "8aab2f1c-2fd9-4846-86ce-288de25b3857",
      "title": "",
      "fullFile": "cypress\\e2e\\2-advanced-examples\\cookies.cy.js",
      "file": "cypress\\e2e\\2-advanced-examples\\cookies.cy.js",
      "beforeHooks": [],
      "afterHooks": [],
      "tests": [],
      "suites": [
        {
          "uuid": "5fba4e98-c29f-4600-8959-8f0836c73196",
          "title": "Cookies",
          "fullFile": "",
          "file": "",
          "beforeHooks": [],
          "afterHooks": [],
          "tests": [
            {
              "title": "cy.getCookie() - get a browser cookie",
              "fullTitle": "Cookies cy.getCookie() - get a browser cookie",
              "timedOut": null,
              "duration": 858,
              "state": "passed",
              "speed": "fast",
              "pass": true,
              "fail": false,
              "pending": false,
              "context": null,
              "code": "// https://on.cypress.io/getcookie\ncy.get('#getCookie .set-a-cookie').click();\n// cy.getCookie() yields a cookie object\ncy.getCookie('token').should('have.property', 'value', '123ABC');",
              "err": {},
              "uuid": "2691e441-2743-4481-b48a-22465ce9ed25",
              "parentUUID": "5fba4e98-c29f-4600-8959-8f0836c73196",
              "isHook": false,
              "skipped": false
            },
            {
              "title": "cy.getCookies() - get browser cookies for the current domain",
              "fullTitle": "Cookies cy.getCookies() - get browser cookies for the current domain",
              "timedOut": null,
              "duration": 459,
              "state": "passed",
              "speed": "fast",
              "pass": true,
              "fail": false,
              "pending": false,
              "context": null,
              "code": "// https://on.cypress.io/getcookies\ncy.getCookies().should('be.empty');\ncy.get('#getCookies .set-a-cookie').click();\n// cy.getCookies() yields an array of cookies\ncy.getCookies().should('have.length', 1).should(cookies => {\n  // each cookie has these properties\n  expect(cookies[0]).to.have.property('name', 'token');\n  expect(cookies[0]).to.have.property('value', '123ABC');\n  expect(cookies[0]).to.have.property('httpOnly', false);\n  expect(cookies[0]).to.have.property('secure', false);\n  expect(cookies[0]).to.have.property('domain');\n  expect(cookies[0]).to.have.property('path');\n});",
              "err": {},
              "uuid": "92b66cdf-eced-42c9-8bf3-7906f5fd6a2a",
              "parentUUID": "5fba4e98-c29f-4600-8959-8f0836c73196",
              "isHook": false,
              "skipped": false
            },
            {
              "title": "cy.getAllCookies() - get all browser cookies",
              "fullTitle": "Cookies cy.getAllCookies() - get all browser cookies",
              "timedOut": null,
              "duration": 330,
              "state": "passed",
              "speed": "fast",
              "pass": true,
              "fail": false,
              "pending": false,
              "context": null,
              "code": "// https://on.cypress.io/getallcookies\ncy.getAllCookies().should('be.empty');\ncy.setCookie('key', 'value');\ncy.setCookie('key', 'value', {\n  domain: '.example.com'\n});\n// cy.getAllCookies() yields an array of cookies (order is not guaranteed)\ncy.getAllCookies().should('have.length', 2).should(cookies => {\n  const hostCookie = cookies.find(cookie => cookie.domain !== '.example.com');\n  const exampleCookie = cookies.find(cookie => cookie.domain === '.example.com');\n  // each cookie has these properties\n  expect(hostCookie).to.exist;\n  expect(hostCookie).to.have.property('name', 'key');\n  expect(hostCookie).to.have.property('value', 'value');\n  expect(hostCookie).to.have.property('httpOnly', false);\n  expect(hostCookie).to.have.property('secure', false);\n  expect(hostCookie).to.have.property('domain');\n  expect(hostCookie).to.have.property('path');\n  expect(exampleCookie).to.exist;\n  expect(exampleCookie).to.have.property('name', 'key');\n  expect(exampleCookie).to.have.property('value', 'value');\n  expect(exampleCookie).to.have.property('httpOnly', false);\n  expect(exampleCookie).to.have.property('secure', false);\n  expect(exampleCookie).to.have.property('domain', '.example.com');\n  expect(exampleCookie).to.have.property('path');\n});",
              "err": {},
              "uuid": "13b467d6-3b3f-4c53-ace2-fdd0371c6b8f",
              "parentUUID": "5fba4e98-c29f-4600-8959-8f0836c73196",
              "isHook": false,
              "skipped": false
            },
            {
              "title": "cy.setCookie() - set a browser cookie",
              "fullTitle": "Cookies cy.setCookie() - set a browser cookie",
              "timedOut": null,
              "duration": 279,
              "state": "passed",
              "speed": "fast",
              "pass": true,
              "fail": false,
              "pending": false,
              "context": null,
              "code": "// https://on.cypress.io/setcookie\ncy.getCookies().should('be.empty');\ncy.setCookie('foo', 'bar');\n// cy.getCookie() yields a cookie object\ncy.getCookie('foo').should('have.property', 'value', 'bar');",
              "err": {},
              "uuid": "92a89e70-81c0-436d-9d25-a59be951d335",
              "parentUUID": "5fba4e98-c29f-4600-8959-8f0836c73196",
              "isHook": false,
              "skipped": false
            },
            {
              "title": "cy.clearCookie() - clear a browser cookie",
              "fullTitle": "Cookies cy.clearCookie() - clear a browser cookie",
              "timedOut": null,
              "duration": 346,
              "state": "passed",
              "speed": "fast",
              "pass": true,
              "fail": false,
              "pending": false,
              "context": null,
              "code": "// https://on.cypress.io/clearcookie\ncy.getCookie('token').should('be.null');\ncy.get('#clearCookie .set-a-cookie').click();\ncy.getCookie('token').should('have.property', 'value', '123ABC');\n// cy.clearCookies() yields null\ncy.clearCookie('token');\ncy.getCookie('token').should('be.null');",
              "err": {},
              "uuid": "28bdd349-efad-4dc5-acc1-c7e556269093",
              "parentUUID": "5fba4e98-c29f-4600-8959-8f0836c73196",
              "isHook": false,
              "skipped": false
            },
            {
              "title": "cy.clearCookies() - clear browser cookies for the current domain",
              "fullTitle": "Cookies cy.clearCookies() - clear browser cookies for the current domain",
              "timedOut": null,
              "duration": 281,
              "state": "passed",
              "speed": "fast",
              "pass": true,
              "fail": false,
              "pending": false,
              "context": null,
              "code": "// https://on.cypress.io/clearcookies\ncy.getCookies().should('be.empty');\ncy.get('#clearCookies .set-a-cookie').click();\ncy.getCookies().should('have.length', 1);\n// cy.clearCookies() yields null\ncy.clearCookies();\ncy.getCookies().should('be.empty');",
              "err": {},
              "uuid": "ecedf418-718c-4e23-9f8f-13be7da5fcb8",
              "parentUUID": "5fba4e98-c29f-4600-8959-8f0836c73196",
              "isHook": false,
              "skipped": false
            },
            {
              "title": "cy.clearAllCookies() - clear all browser cookies",
              "fullTitle": "Cookies cy.clearAllCookies() - clear all browser cookies",
              "timedOut": null,
              "duration": 243,
              "state": "passed",
              "speed": "fast",
              "pass": true,
              "fail": false,
              "pending": false,
              "context": null,
              "code": "// https://on.cypress.io/clearallcookies\ncy.getAllCookies().should('be.empty');\ncy.setCookie('key', 'value');\ncy.setCookie('key', 'value', {\n  domain: '.example.com'\n});\ncy.getAllCookies().should('have.length', 2);\n// cy.clearAllCookies() yields null\ncy.clearAllCookies();\ncy.getAllCookies().should('be.empty');",
              "err": {},
              "uuid": "ee45822a-ba4e-4a83-b098-3f93eb15f495",
              "parentUUID": "5fba4e98-c29f-4600-8959-8f0836c73196",
              "isHook": false,
              "skipped": false
            }
          ],
          "suites": [],
          "passes": [
            "2691e441-2743-4481-b48a-22465ce9ed25",
            "92b66cdf-eced-42c9-8bf3-7906f5fd6a2a",
            "13b467d6-3b3f-4c53-ace2-fdd0371c6b8f",
            "92a89e70-81c0-436d-9d25-a59be951d335",
            "28bdd349-efad-4dc5-acc1-c7e556269093",
            "ecedf418-718c-4e23-9f8f-13be7da5fcb8",
            "ee45822a-ba4e-4a83-b098-3f93eb15f495"
          ],
          "failures": [],
          "pending": [],
          "skipped": [],
          "duration": 2796,
          "root": false,
          "rootEmpty": false,
          "_timeout": 2000
        }
      ],
      "passes": [],
      "failures": [],
      "pending": [],
      "skipped": [],
      "duration": 0,
      "root": true,
      "rootEmpty": true,
      "_timeout": 2000
    }
  ],
  "meta": {
    "mocha": {
      "version": "7.2.0"
    },
    "mochawesome": {
      "options": {
        "quiet": false,
        "reportFilename": "mochawesome",
        "saveHtml": true,
        "saveJson": true,
        "consoleReporter": "spec",
        "useInlineDiffs": false,
        "code": true
      },
      "version": "8.0.1"
    },
    "marge": {
      "options": {
        "reportDir": "cypress/reports",
        "overwrite": false,
        "html": true,
        "json": true
      },
      "version": "6.3.2"
    }
  }
}