{
  "stats": {
    "suites": 1,
    "tests": 1,
    "passes": 1,
    "pending": 0,
    "failures": 0,
    "start": "2026-09-07T17:11:48.300Z",
    "end": "2026-09-07T17:11:56.144Z",
    "duration": 7844,
    "testsRegistered": 1,
    "passPercent": 100,
    "pendingPercent": 0,
    "other": 0,
    "hasOther": false,
    "skipped": 0,
    "hasSkipped": false
  },
  "results": [
    {
      "uuid": "5292df67-27e9-41aa-b200-74dd18a02bee",
      "title": "",
      "fullFile": "cypress\\e2e\\trainingFiles\\google.cy.js",
      "file": "cypress\\e2e\\trainingFiles\\google.cy.js",
      "beforeHooks": [],
      "afterHooks": [],
      "tests": [],
      "suites": [
        {
          "uuid": "814c0318-e89c-4bb2-be77-254e4d04cdc6",
          "title": "prueba de apertura de google",
          "fullFile": "",
          "file": "",
          "beforeHooks": [],
          "afterHooks": [],
          "tests": [
            {
              "title": "Abre la pagina de google correctamente",
              "fullTitle": "prueba de apertura de google Abre la pagina de google correctamente",
              "timedOut": null,
              "duration": 2626,
              "state": "passed",
              "speed": "fast",
              "pass": true,
              "fail": false,
              "pending": false,
              "context": null,
              "code": "cy.visit('https://www.google.com');\ncy.title().should('eq', 'Google');",
              "err": {},
              "uuid": "50ff0b76-834c-45d4-b006-9a605fa29ea4",
              "parentUUID": "814c0318-e89c-4bb2-be77-254e4d04cdc6",
              "isHook": false,
              "skipped": false
            }
          ],
          "suites": [],
          "passes": [
            "50ff0b76-834c-45d4-b006-9a605fa29ea4"
          ],
          "failures": [],
          "pending": [],
          "skipped": [],
          "duration": 2626,
          "root": false,
          "rootEmpty": false,
          "_timeout": 2000
        }
      ],
      "passes": [],
      "failures": [],
      "pending": [],
      "skipped": [],
      "duration": 0,
      "root": true,
      "rootEmpty": true,
      "_timeout": 2000
    }
  ],
  "meta": {
    "mocha": {
      "version": "7.2.0"
    },
    "mochawesome": {
      "options": {
        "quiet": false,
        "reportFilename": "mochawesome",
        "saveHtml": true,
        "saveJson": true,
        "consoleReporter": "spec",
        "useInlineDiffs": false,
        "code": true
      },
      "version": "8.0.1"
    },
    "marge": {
      "options": {
        "reportDir": "cypress/reports",
        "overwrite": false,
        "html": true,
        "json": true
      },
      "version": "6.3.2"
    }
  }
}