{
  "stats": {
    "suites": 1,
    "tests": 1,
    "passes": 0,
    "pending": 0,
    "failures": 1,
    "start": "2026-09-07T17:10:50.884Z",
    "end": "2026-09-07T17:11:42.824Z",
    "duration": 51940,
    "testsRegistered": 1,
    "passPercent": 0,
    "pendingPercent": 0,
    "other": 0,
    "hasOther": false,
    "skipped": 0,
    "hasSkipped": false
  },
  "results": [
    {
      "uuid": "516d1f0f-2a0a-4302-a2c5-dcb06c20a006",
      "title": "",
      "fullFile": "cypress\\e2e\\trainingFiles\\foreachtesting.cy.js",
      "file": "cypress\\e2e\\trainingFiles\\foreachtesting.cy.js",
      "beforeHooks": [],
      "afterHooks": [],
      "tests": [],
      "suites": [
        {
          "uuid": "2b07a48c-6ce8-4b6f-964b-8361183d3537",
          "title": "testeo foreach",
          "fullFile": "",
          "file": "",
          "beforeHooks": [],
          "afterHooks": [],
          "tests": [
            {
              "title": "testeando logins con foreach",
              "fullTitle": "testeo foreach testeando logins con foreach",
              "timedOut": null,
              "duration": 46160,
              "state": "failed",
              "speed": null,
              "pass": false,
              "fail": true,
              "pending": false,
              "context": null,
              "code": "cy.fixture('usuarios.json').then(logins => {\n  logins.forEach(login => {\n    cy.visit('https://www.d1.com.co/login?returnUrl=/account');\n    cy.get('input[placeholder=\"tucorreo@ejemplo.com\"]').type(login.nombre);\n    cy.get('input[type=\"password\"]').type(login.password);\n    cy.contains('button', 'Iniciar sesión').click();\n    cy.reload();\n  });\n});",
              "err": {
                "message": "AssertionError: Timed out retrying after 4000ms: Expected to find element: `input[placeholder=\"tucorreo@ejemplo.com\"]`, but never found it.",
                "estack": "AssertionError: Timed out retrying after 4000ms: Expected to find element: `input[placeholder=\"tucorreo@ejemplo.com\"]`, but never found it.\n    at eval (webpack:///./cypress/e2e/trainingFiles/foreachtesting.cy.js:6:11)\nat Array.forEach (<anonymous>)\n    at Context.eval (webpack:///./cypress/e2e/trainingFiles/foreachtesting.cy.js:4:13)\n    at getRet (https://www.d1.com.co/__cypress/runner/cypress_runner.js:121224:20)\n    at tryCatcher (https://www.d1.com.co/__cypress/runner/cypress_runner.js:1780:23)\n    at Promise.attempt.Promise.try (https://www.d1.com.co/__cypress/runner/cypress_runner.js:4288:29)\n    at Context.thenFn (https://www.d1.com.co/__cypress/runner/cypress_runner.js:121235:66)\n    at Context.then (https://www.d1.com.co/__cypress/runner/cypress_runner.js:121486:21)\n    at wrapped (https://www.d1.com.co/__cypress/runner/cypress_runner.js:146499:19)",
                "diff": null
              },
              "uuid": "684eef37-2aed-4abb-b0ce-9e560dcd64ef",
              "parentUUID": "2b07a48c-6ce8-4b6f-964b-8361183d3537",
              "isHook": false,
              "skipped": false
            }
          ],
          "suites": [],
          "passes": [],
          "failures": [
            "684eef37-2aed-4abb-b0ce-9e560dcd64ef"
          ],
          "pending": [],
          "skipped": [],
          "duration": 46160,
          "root": false,
          "rootEmpty": false,
          "_timeout": 2000
        }
      ],
      "passes": [],
      "failures": [],
      "pending": [],
      "skipped": [],
      "duration": 0,
      "root": true,
      "rootEmpty": true,
      "_timeout": 2000
    }
  ],
  "meta": {
    "mocha": {
      "version": "7.2.0"
    },
    "mochawesome": {
      "options": {
        "quiet": false,
        "reportFilename": "mochawesome",
        "saveHtml": true,
        "saveJson": true,
        "consoleReporter": "spec",
        "useInlineDiffs": false,
        "code": true
      },
      "version": "8.0.1"
    },
    "marge": {
      "options": {
        "reportDir": "cypress/reports",
        "overwrite": false,
        "html": true,
        "json": true
      },
      "version": "6.3.2"
    }
  }
}