{
  "stats": {
    "suites": 1,
    "tests": 1,
    "passes": 0,
    "pending": 0,
    "failures": 1,
    "start": "2026-09-07T17:12:52.920Z",
    "end": "2026-09-07T17:13:02.307Z",
    "duration": 9387,
    "testsRegistered": 1,
    "passPercent": 0,
    "pendingPercent": 0,
    "other": 0,
    "hasOther": false,
    "skipped": 0,
    "hasSkipped": false
  },
  "results": [
    {
      "uuid": "17769c9e-bd06-44d6-a71a-baa605497dff",
      "title": "",
      "fullFile": "cypress\\e2e\\trainingFiles\\wikipedia.cy.js",
      "file": "cypress\\e2e\\trainingFiles\\wikipedia.cy.js",
      "beforeHooks": [],
      "afterHooks": [],
      "tests": [],
      "suites": [
        {
          "uuid": "61fb7b62-2741-44e3-bc7f-3576ff23acc7",
          "title": "Verificando aserciones en wikipedia",
          "fullFile": "",
          "file": "",
          "beforeHooks": [],
          "afterHooks": [],
          "tests": [
            {
              "title": "verificando aserciones",
              "fullTitle": "Verificando aserciones en wikipedia verificando aserciones",
              "timedOut": null,
              "duration": 6103,
              "state": "failed",
              "speed": null,
              "pass": false,
              "fail": true,
              "pending": false,
              "context": null,
              "code": "//verificar la existencia de un elemento\ncy.visit('https://es.wikipedia.org/wiki/Wikipedia:Portada');\n//verificar el titulo\ncy.get('title').should('exist');\ncy.title().should('eq', 'Wikipedia, la enciclopedia libre');\n// verificar si un elemento esta visible\ncy.get('img[alt=\"Estanque en el Golden Gate Park\"]').should('be.visible');\n//verificar un atriburo de un elemento\ncy.get('input[name=\"search\"]').should('have.attr', 'placeholder', 'Buscar en Wikipedia');",
              "err": {
                "message": "AssertionError: Timed out retrying after 4000ms: Expected to find element: `img[alt=\"Estanque en el Golden Gate Park\"]`, but never found it.",
                "estack": "AssertionError: Timed out retrying after 4000ms: Expected to find element: `img[alt=\"Estanque en el Golden Gate Park\"]`, but never found it.\n    at Context.eval (webpack:///./cypress/e2e/trainingFiles/wikipedia.cy.js:10:53)",
                "diff": null
              },
              "uuid": "6a958964-b7c5-4784-877a-8da3d2127bc1",
              "parentUUID": "61fb7b62-2741-44e3-bc7f-3576ff23acc7",
              "isHook": false,
              "skipped": false
            }
          ],
          "suites": [],
          "passes": [],
          "failures": [
            "6a958964-b7c5-4784-877a-8da3d2127bc1"
          ],
          "pending": [],
          "skipped": [],
          "duration": 6103,
          "root": false,
          "rootEmpty": false,
          "_timeout": 2000
        }
      ],
      "passes": [],
      "failures": [],
      "pending": [],
      "skipped": [],
      "duration": 0,
      "root": true,
      "rootEmpty": true,
      "_timeout": 2000
    }
  ],
  "meta": {
    "mocha": {
      "version": "7.2.0"
    },
    "mochawesome": {
      "options": {
        "quiet": false,
        "reportFilename": "mochawesome",
        "saveHtml": true,
        "saveJson": true,
        "consoleReporter": "spec",
        "useInlineDiffs": false,
        "code": true
      },
      "version": "8.0.1"
    },
    "marge": {
      "options": {
        "reportDir": "cypress/reports",
        "overwrite": false,
        "html": true,
        "json": true
      },
      "version": "6.3.2"
    }
  }
}