{
  "stats": {
    "suites": 1,
    "tests": 1,
    "passes": 0,
    "pending": 0,
    "failures": 1,
    "start": "2026-09-07T17:12:27.331Z",
    "end": "2026-09-07T17:12:46.886Z",
    "duration": 19555,
    "testsRegistered": 1,
    "passPercent": 0,
    "pendingPercent": 0,
    "other": 0,
    "hasOther": false,
    "skipped": 0,
    "hasSkipped": false
  },
  "results": [
    {
      "uuid": "4b912b71-8fda-4137-81d3-12dee9b9f9c2",
      "title": "",
      "fullFile": "cypress\\e2e\\trainingFiles\\wiki.cy.js",
      "file": "cypress\\e2e\\trainingFiles\\wiki.cy.js",
      "beforeHooks": [],
      "afterHooks": [],
      "tests": [],
      "suites": [
        {
          "uuid": "63c62373-58b3-4d45-a025-81ce88eb2696",
          "title": "Probando Wikipedia",
          "fullFile": "",
          "file": "",
          "beforeHooks": [],
          "afterHooks": [],
          "tests": [
            {
              "title": "passes",
              "fullTitle": "Probando Wikipedia passes",
              "timedOut": null,
              "duration": 13720,
              "state": "failed",
              "speed": null,
              "pass": false,
              "fail": true,
              "pending": false,
              "context": null,
              "code": "//visitar paginas\ncy.visit('https://es.wikipedia.org/wiki/Wikipedia:Portada');\ncy.url().should('include', 'wikipedia');\n//seleccion de elementos\n// cy.get('a[href=\"https://es.wikipedia.org/wiki/Wikipedia:Bienvenidos\"]').click()\n//cy.get('a[href=\"https://es.wikipedia.org/wiki/Harriet_Tubman\"] > span.mw-ui-button').click()\ncy.get('a[href=\"/wiki/Especial:Buscar\"]').click();\ncy.get('#searchform').type('Cypress');\ncy.contains('button', 'Buscar').click();\n// control de tiempo\ncy.wait(3000);\n//validacion y aserciones\ncy.get('.searchmatch:contains(\"Cypress\")').should('exist');\n// clear data\ncy.get('#searchText > [name=\"search\"]').clear();\n//recargar la pagina\ncy.reload();\n//cy intercept\ncy.exec('start calc');",
              "err": {
                "message": "CypressError: `cy.exec()` was removed in Cypress version 16.0.0. Please update to use `cy.task()` instead, which runs in Node and does not depend on the operating system, shell, or terminal of the machine running Cypress.\n\nhttps://on.cypress.io/task",
                "estack": "CypressError: `cy.exec()` was removed in Cypress version 16.0.0. Please update to use `cy.task()` instead, which runs in Node and does not depend on the operating system, shell, or terminal of the machine running Cypress.\n\nhttps://on.cypress.io/task\n    at Context.exec (https://es.wikipedia.org/__cypress/runner/cypress_runner.js:122369:75)\n    at wrapped (https://es.wikipedia.org/__cypress/runner/cypress_runner.js:146491:43)\n    at <unknown> (https://es.wikipedia.org/__cypress/runner/cypress_runner.js:152576:15)\n    at tryCatcher (https://es.wikipedia.org/__cypress/runner/cypress_runner.js:1780:23)\n    at Promise._settlePromiseFromHandler (https://es.wikipedia.org/__cypress/runner/cypress_runner.js:1492:31)\n    at Promise._settlePromise (https://es.wikipedia.org/__cypress/runner/cypress_runner.js:1549:18)\n    at Promise._settlePromiseCtx (https://es.wikipedia.org/__cypress/runner/cypress_runner.js:1586:10)\n    at _drainQueueStep (https://es.wikipedia.org/__cypress/runner/cypress_runner.js:2384:12)\n    at _drainQueue (https://es.wikipedia.org/__cypress/runner/cypress_runner.js:2373:9)\n    at Async._drainQueues (https://es.wikipedia.org/__cypress/runner/cypress_runner.js:2389:5)\n    at Async.drainQueues (https://es.wikipedia.org/__cypress/runner/cypress_runner.js:2259:14)",
                "diff": null
              },
              "uuid": "cda5d54d-e2fc-49a1-a909-6cf7f2a15436",
              "parentUUID": "63c62373-58b3-4d45-a025-81ce88eb2696",
              "isHook": false,
              "skipped": false
            }
          ],
          "suites": [],
          "passes": [],
          "failures": [
            "cda5d54d-e2fc-49a1-a909-6cf7f2a15436"
          ],
          "pending": [],
          "skipped": [],
          "duration": 13720,
          "root": false,
          "rootEmpty": false,
          "_timeout": 2000
        }
      ],
      "passes": [],
      "failures": [],
      "pending": [],
      "skipped": [],
      "duration": 0,
      "root": true,
      "rootEmpty": true,
      "_timeout": 2000
    }
  ],
  "meta": {
    "mocha": {
      "version": "7.2.0"
    },
    "mochawesome": {
      "options": {
        "quiet": false,
        "reportFilename": "mochawesome",
        "saveHtml": true,
        "saveJson": true,
        "consoleReporter": "spec",
        "useInlineDiffs": false,
        "code": true
      },
      "version": "8.0.1"
    },
    "marge": {
      "options": {
        "reportDir": "cypress/reports",
        "overwrite": false,
        "html": true,
        "json": true
      },
      "version": "6.3.2"
    }
  }
}