{
  "stats": {
    "suites": 1,
    "tests": 1,
    "passes": 1,
    "pending": 0,
    "failures": 0,
    "start": "2026-09-07T17:10:20.257Z",
    "end": "2026-09-07T17:10:25.265Z",
    "duration": 5008,
    "testsRegistered": 1,
    "passPercent": 100,
    "pendingPercent": 0,
    "other": 0,
    "hasOther": false,
    "skipped": 0,
    "hasSkipped": false
  },
  "results": [
    {
      "uuid": "85cea119-56d9-406b-b2f2-2141e8596cf6",
      "title": "",
      "fullFile": "cypress\\e2e\\trainingFiles\\elementos.cy.js",
      "file": "cypress\\e2e\\trainingFiles\\elementos.cy.js",
      "beforeHooks": [],
      "afterHooks": [],
      "tests": [],
      "suites": [
        {
          "uuid": "6d713118-992f-43f5-876c-22082a5d29be",
          "title": "resaltar una parte de la pagina, de su texto",
          "fullFile": "",
          "file": "",
          "beforeHooks": [],
          "afterHooks": [],
          "tests": [
            {
              "title": "passes",
              "fullTitle": "resaltar una parte de la pagina, de su texto passes",
              "timedOut": null,
              "duration": 1587,
              "state": "passed",
              "speed": "fast",
              "pass": true,
              "fail": false,
              "pending": false,
              "context": null,
              "code": "cy.visit('https://es.wikipedia.org/wiki/Wikipedia:Portada');\ncy.get('h1[class=\"main-top-header mw-html-heading\"]').trigger('mouseover');",
              "err": {},
              "uuid": "7cd90a8a-8ce8-4454-a1e4-0c4c53a74ec4",
              "parentUUID": "6d713118-992f-43f5-876c-22082a5d29be",
              "isHook": false,
              "skipped": false
            }
          ],
          "suites": [],
          "passes": [
            "7cd90a8a-8ce8-4454-a1e4-0c4c53a74ec4"
          ],
          "failures": [],
          "pending": [],
          "skipped": [],
          "duration": 1587,
          "root": false,
          "rootEmpty": false,
          "_timeout": 2000
        }
      ],
      "passes": [],
      "failures": [],
      "pending": [],
      "skipped": [],
      "duration": 0,
      "root": true,
      "rootEmpty": true,
      "_timeout": 2000
    }
  ],
  "meta": {
    "mocha": {
      "version": "7.2.0"
    },
    "mochawesome": {
      "options": {
        "quiet": false,
        "reportFilename": "mochawesome",
        "saveHtml": true,
        "saveJson": true,
        "consoleReporter": "spec",
        "useInlineDiffs": false,
        "code": true
      },
      "version": "8.0.1"
    },
    "marge": {
      "options": {
        "reportDir": "cypress/reports",
        "overwrite": false,
        "html": true,
        "json": true
      },
      "version": "6.3.2"
    }
  }
}