{
  "stats": {
    "suites": 3,
    "tests": 3,
    "passes": 2,
    "pending": 0,
    "failures": 1,
    "start": "2026-09-07T17:10:15.407Z",
    "end": "2026-09-07T17:10:17.317Z",
    "duration": 1910,
    "testsRegistered": 3,
    "passPercent": 66.66666666666666,
    "pendingPercent": 0,
    "other": 0,
    "hasOther": false,
    "skipped": 0,
    "hasSkipped": false
  },
  "results": [
    {
      "uuid": "8a1c1114-bb9a-46b4-9825-da2a2307f874",
      "title": "",
      "fullFile": "cypress\\e2e\\trainingFiles\\APIS.cy.js",
      "file": "cypress\\e2e\\trainingFiles\\APIS.cy.js",
      "beforeHooks": [],
      "afterHooks": [],
      "tests": [],
      "suites": [
        {
          "uuid": "6a560a5a-157d-42a4-b4bf-ed61511078b3",
          "title": "API testing",
          "fullFile": "",
          "file": "",
          "beforeHooks": [],
          "afterHooks": [],
          "tests": [
            {
              "title": "testeo de lista de usuarios",
              "fullTitle": "API testing testeo de lista de usuarios",
              "timedOut": null,
              "duration": 652,
              "state": "passed",
              "speed": "fast",
              "pass": true,
              "fail": false,
              "pending": false,
              "context": null,
              "code": "cy.request('GET', 'https://reqres.in/api/users?page=2').then(response => {\n  expect(response.status).to.eq(200);\n  expect(response.body).to.have.property('data');\n  expect(response.body.data).to.be.an('array');\n  const users = response.body.data;\n  const michael = users.find(user => user.email == 'michael.lawson@reqres.in');\n  expect(michael).to.exist;\n});",
              "err": {},
              "uuid": "ff5655c6-bc4e-40f2-ba87-dc1a69ac0cf7",
              "parentUUID": "6a560a5a-157d-42a4-b4bf-ed61511078b3",
              "isHook": false,
              "skipped": false
            }
          ],
          "suites": [],
          "passes": [
            "ff5655c6-bc4e-40f2-ba87-dc1a69ac0cf7"
          ],
          "failures": [],
          "pending": [],
          "skipped": [],
          "duration": 652,
          "root": false,
          "rootEmpty": false,
          "_timeout": 2000
        },
        {
          "uuid": "024e1d38-6dab-4b50-b142-d694a0f06231",
          "title": "crear usuario con API",
          "fullFile": "",
          "file": "",
          "beforeHooks": [],
          "afterHooks": [],
          "tests": [
            {
              "title": "crear usuario",
              "fullTitle": "crear usuario con API crear usuario",
              "timedOut": null,
              "duration": 330,
              "state": "passed",
              "speed": "fast",
              "pass": true,
              "fail": false,
              "pending": false,
              "context": null,
              "code": "const newUser = {\n  \"name\": \"morpheus\",\n  \"job\": \"leader\"\n};\ncy.request('POST', 'https://reqres.in/api/users', newUser).then(response => {\n  expect(response.status).to.eq(201);\n  expect(response.body).to.have.property('name', newUser.name); // aca lo que pide es que la propiedad name del body sea igual a la propiedad name del objeto newUser\n  expect(response.body).to.have.property('job', newUser.job); // aca lo que pide es que la propiedad job del body sea igual a la propiedad job del objeto newUser\n});",
              "err": {},
              "uuid": "2c6fe526-1028-4b9d-889f-d25839ef97dd",
              "parentUUID": "024e1d38-6dab-4b50-b142-d694a0f06231",
              "isHook": false,
              "skipped": false
            }
          ],
          "suites": [],
          "passes": [
            "2c6fe526-1028-4b9d-889f-d25839ef97dd"
          ],
          "failures": [],
          "pending": [],
          "skipped": [],
          "duration": 330,
          "root": false,
          "rootEmpty": false,
          "_timeout": 2000
        },
        {
          "uuid": "8f6393b8-1dd8-4555-906c-c404e0cab02d",
          "title": "API testing usuario sin constantes",
          "fullFile": "",
          "file": "",
          "beforeHooks": [],
          "afterHooks": [],
          "tests": [
            {
              "title": "testeo de lista de usuarios",
              "fullTitle": "API testing usuario sin constantes testeo de lista de usuarios",
              "timedOut": null,
              "duration": 668,
              "state": "failed",
              "speed": null,
              "pass": false,
              "fail": true,
              "pending": false,
              "context": null,
              "code": "cy.request('GET', 'https://reqres.in/api/users/2\"').then(response => {\n  expect(response.status).to.eq(200);\n  expect(response.body).to.have.property('data');\n  expect(response.body.data).to.have.property('id', 2);\n  expect(response.body.data).to.have.property('email', 'janet.weaver@reqres.in');\n});",
              "err": {
                "message": "CypressError: `cy.request()` failed on:\n\nhttps://reqres.in/api/users/2%22\n\nThe response we received from your web server was:\n\n  > 404: Not Found\n\nThis was considered a failure because the status code was not `2xx` or `3xx`.\n\nIf you do not want status codes to cause failures pass the option: `failOnStatusCode: false`\n\n-----------------------------------------------------------\n\nThe request we sent was:\n\nMethod: GET\nURL: https://reqres.in/api/users/2%22\nHeaders: {\n  \"Connection\": \"keep-alive\",\n  \"user-agent\": \"Mozilla/5.0 (Windows NT 10.0; Win64; x64) AppleWebKit/537.36 (KHTML, like Gecko) Cypress/16.0.0 Chrome/146.0.7680.216 Electron/41.7.0 Safari/537.36\",\n  \"accept\": \"*/*\",\n  \"accept-encoding\": \"gzip, deflate\"\n}\n\n-----------------------------------------------------------\n\nThe response we got was:\n\nStatus: 404 - Not Found\nHeaders: {\n  \"date\": \"Mon, 07 Sep 2026 17:10:15 GMT\",\n  \"content-type\": \"application/json; charset=utf-8\",\n  \"content-length\": \"2\",\n  \"connection\": \"keep-alive\",\n  \"access-control-allow-origin\": \"*\",\n  \"cache-control\": \"no-store\",\n  \"cross-origin-opener-policy\": \"same-origin\",\n  \"cross-origin-resource-policy\": \"cross-origin\",\n  \"etag\": \"W/\\\"2-vyGp6PvFo4RvsFtPoIWeCReyIC8\\\"\",\n  \"nel\": \"{\\\"report_to\\\":\\\"heroku-nel\\\",\\\"response_headers\\\":[\\\"Via\\\"],\\\"max_age\\\":3600,\\\"success_fraction\\\":0.01,\\\"failure_fraction\\\":0.1}\",\n  \"origin-agent-cluster\": \"?1\",\n  \"ratelimit-limit\": \"20\",\n  \"ratelimit-policy\": \"20;w=60\",\n  \"ratelimit-remaining\": \"19\",\n  \"ratelimit-reset\": \"60\",\n  \"referrer-policy\": \"strict-origin-when-cross-origin\",\n  \"report-to\": \"{\\\"group\\\":\\\"heroku-nel\\\",\\\"endpoints\\\":[{\\\"url\\\":\\\"https://nel.heroku.com/reports?s=tJXHdpiNk4W4lB%2B3ERuU1EliSElASH5lj9a2tO6Dhxc%3D\\\\u0026sid=c4c9725f-1ab0-44d8-820f-430df2718e11\\\\u0026ts=1788801015\\\"}],\\\"max_age\\\":3600}\",\n  \"reporting-endpoints\": \"heroku-nel=\\\"https://nel.heroku.com/reports?s=tJXHdpiNk4W4lB%2B3ERuU1EliSElASH5lj9a2tO6Dhxc%3D&sid=c4c9725f-1ab0-44d8-820f-430df2718e11&ts=1788801015\\\"\",\n  \"server\": \"cloudflare\",\n  \"strict-transport-security\": \"max-age=31536000; includeSubDomains\",\n  \"via\": \"1.1 heroku-router\",\n  \"x-content-type-options\": \"nosniff\",\n  \"x-dns-prefetch-control\": \"off\",\n  \"x-download-options\": \"noopen\",\n  \"x-frame-options\": \"DENY\",\n  \"x-permitted-cross-domain-policies\": \"none\",\n  \"x-powered-by\": \"ReqRes.in - Deploy backends in 30 seconds\",\n  \"x-ratelimit-limit\": \"40\",\n  \"x-ratelimit-remaining\": \"37\",\n  \"x-ratelimit-reset\": \"1788825600\",\n  \"x-reqres-docs\": \"https://reqres.in\",\n  \"x-reqres-message\": \"This API is powered by ReqRes. Deploy your own backend in 30 seconds!\",\n  \"x-reqres-templates\": \"https://app.reqres.in/templates\",\n  \"x-reqres-tip\": \"Need more than /api/users? Build custom collections - app.reqres.in/dashboard\",\n  \"x-reqres-upgrade\": \"https://app.reqres.in/upgrade\",\n  \"x-request-id\": \"4d6f4dff-d5a9-0aa7-ad7c-d8c4bc78d372\",\n  \"x-robots-tag\": \"noindex, nofollow\",\n  \"x-xss-protection\": \"0\",\n  \"cf-cache-status\": \"BYPASS\",\n  \"cf-ray\": \"a37753678a844ba4-MIA\"\n}\nBody: {}\n\n\nhttps://on.cypress.io/request",
                "estack": "CypressError: `cy.request()` failed on:\n\nhttps://reqres.in/api/users/2%22\n\nThe response we received from your web server was:\n\n  > 404: Not Found\n\nThis was considered a failure because the status code was not `2xx` or `3xx`.\n\nIf you do not want status codes to cause failures pass the option: `failOnStatusCode: false`\n\n-----------------------------------------------------------\n\nThe request we sent was:\n\nMethod: GET\nURL: https://reqres.in/api/users/2%22\nHeaders: {\n  \"Connection\": \"keep-alive\",\n  \"user-agent\": \"Mozilla/5.0 (Windows NT 10.0; Win64; x64) AppleWebKit/537.36 (KHTML, like Gecko) Cypress/16.0.0 Chrome/146.0.7680.216 Electron/41.7.0 Safari/537.36\",\n  \"accept\": \"*/*\",\n  \"accept-encoding\": \"gzip, deflate\"\n}\n\n-----------------------------------------------------------\n\nThe response we got was:\n\nStatus: 404 - Not Found\nHeaders: {\n  \"date\": \"Mon, 07 Sep 2026 17:10:15 GMT\",\n  \"content-type\": \"application/json; charset=utf-8\",\n  \"content-length\": \"2\",\n  \"connection\": \"keep-alive\",\n  \"access-control-allow-origin\": \"*\",\n  \"cache-control\": \"no-store\",\n  \"cross-origin-opener-policy\": \"same-origin\",\n  \"cross-origin-resource-policy\": \"cross-origin\",\n  \"etag\": \"W/\\\"2-vyGp6PvFo4RvsFtPoIWeCReyIC8\\\"\",\n  \"nel\": \"{\\\"report_to\\\":\\\"heroku-nel\\\",\\\"response_headers\\\":[\\\"Via\\\"],\\\"max_age\\\":3600,\\\"success_fraction\\\":0.01,\\\"failure_fraction\\\":0.1}\",\n  \"origin-agent-cluster\": \"?1\",\n  \"ratelimit-limit\": \"20\",\n  \"ratelimit-policy\": \"20;w=60\",\n  \"ratelimit-remaining\": \"19\",\n  \"ratelimit-reset\": \"60\",\n  \"referrer-policy\": \"strict-origin-when-cross-origin\",\n  \"report-to\": \"{\\\"group\\\":\\\"heroku-nel\\\",\\\"endpoints\\\":[{\\\"url\\\":\\\"https://nel.heroku.com/reports?s=tJXHdpiNk4W4lB%2B3ERuU1EliSElASH5lj9a2tO6Dhxc%3D\\\\u0026sid=c4c9725f-1ab0-44d8-820f-430df2718e11\\\\u0026ts=1788801015\\\"}],\\\"max_age\\\":3600}\",\n  \"reporting-endpoints\": \"heroku-nel=\\\"https://nel.heroku.com/reports?s=tJXHdpiNk4W4lB%2B3ERuU1EliSElASH5lj9a2tO6Dhxc%3D&sid=c4c9725f-1ab0-44d8-820f-430df2718e11&ts=1788801015\\\"\",\n  \"server\": \"cloudflare\",\n  \"strict-transport-security\": \"max-age=31536000; includeSubDomains\",\n  \"via\": \"1.1 heroku-router\",\n  \"x-content-type-options\": \"nosniff\",\n  \"x-dns-prefetch-control\": \"off\",\n  \"x-download-options\": \"noopen\",\n  \"x-frame-options\": \"DENY\",\n  \"x-permitted-cross-domain-policies\": \"none\",\n  \"x-powered-by\": \"ReqRes.in - Deploy backends in 30 seconds\",\n  \"x-ratelimit-limit\": \"40\",\n  \"x-ratelimit-remaining\": \"37\",\n  \"x-ratelimit-reset\": \"1788825600\",\n  \"x-reqres-docs\": \"https://reqres.in\",\n  \"x-reqres-message\": \"This API is powered by ReqRes. Deploy your own backend in 30 seconds!\",\n  \"x-reqres-templates\": \"https://app.reqres.in/templates\",\n  \"x-reqres-tip\": \"Need more than /api/users? Build custom collections - app.reqres.in/dashboard\",\n  \"x-reqres-upgrade\": \"https://app.reqres.in/upgrade\",\n  \"x-request-id\": \"4d6f4dff-d5a9-0aa7-ad7c-d8c4bc78d372\",\n  \"x-robots-tag\": \"noindex, nofollow\",\n  \"x-xss-protection\": \"0\",\n  \"cf-cache-status\": \"BYPASS\",\n  \"cf-ray\": \"a37753678a844ba4-MIA\"\n}\nBody: {}\n\n\nhttps://on.cypress.io/request\n    at <unknown> (http://localhost:55303/__cypress/runner/cypress_runner.js:134775:72)\n    at tryCatcher (http://localhost:55303/__cypress/runner/cypress_runner.js:1780:23)\n    at Promise._settlePromiseFromHandler (http://localhost:55303/__cypress/runner/cypress_runner.js:1492:31)\n    at Promise._settlePromise (http://localhost:55303/__cypress/runner/cypress_runner.js:1549:18)\n    at Promise._settlePromise0 (http://localhost:55303/__cypress/runner/cypress_runner.js:1594:10)\n    at Promise._settlePromises (http://localhost:55303/__cypress/runner/cypress_runner.js:1674:18)\n    at _drainQueueStep (http://localhost:55303/__cypress/runner/cypress_runner.js:2380:12)\n    at _drainQueue (http://localhost:55303/__cypress/runner/cypress_runner.js:2373:9)\n    at Async._drainQueues (http://localhost:55303/__cypress/runner/cypress_runner.js:2389:5)\n    at Async.drainQueues (http://localhost:55303/__cypress/runner/cypress_runner.js:2259:14)\nFrom Your Spec Code:\n    at Context.eval (webpack:///./cypress/e2e/trainingFiles/APIS.cy.js:39:7)",
                "diff": null
              },
              "uuid": "68e72c4e-bef2-4446-8e33-23d09c1cdd11",
              "parentUUID": "8f6393b8-1dd8-4555-906c-c404e0cab02d",
              "isHook": false,
              "skipped": false
            }
          ],
          "suites": [],
          "passes": [],
          "failures": [
            "68e72c4e-bef2-4446-8e33-23d09c1cdd11"
          ],
          "pending": [],
          "skipped": [],
          "duration": 668,
          "root": false,
          "rootEmpty": false,
          "_timeout": 2000
        }
      ],
      "passes": [],
      "failures": [],
      "pending": [],
      "skipped": [],
      "duration": 0,
      "root": true,
      "rootEmpty": true,
      "_timeout": 2000
    }
  ],
  "meta": {
    "mocha": {
      "version": "7.2.0"
    },
    "mochawesome": {
      "options": {
        "quiet": false,
        "reportFilename": "mochawesome",
        "saveHtml": true,
        "saveJson": true,
        "consoleReporter": "spec",
        "useInlineDiffs": false,
        "code": true
      },
      "version": "8.0.1"
    },
    "marge": {
      "options": {
        "reportDir": "cypress/reports",
        "overwrite": false,
        "html": true,
        "json": true
      },
      "version": "6.3.2"
    }
  }
}