{
  "stats": {
    "suites": 1,
    "tests": 1,
    "passes": 0,
    "pending": 0,
    "failures": 1,
    "start": "2026-09-07T17:12:00.706Z",
    "end": "2026-09-07T17:12:02.067Z",
    "duration": 1361,
    "testsRegistered": 1,
    "passPercent": 0,
    "pendingPercent": 0,
    "other": 0,
    "hasOther": false,
    "skipped": 0,
    "hasSkipped": false
  },
  "results": [
    {
      "uuid": "97b8ee36-bf9a-49bb-bc6b-8ea976b6aeea",
      "title": "",
      "fullFile": "cypress\\e2e\\trainingFiles\\login.cy.js",
      "file": "cypress\\e2e\\trainingFiles\\login.cy.js",
      "beforeHooks": [],
      "afterHooks": [],
      "tests": [],
      "suites": [
        {
          "uuid": "6e26e809-9fcb-4b6c-9fd4-b33e17cc684e",
          "title": "Inicio de sesion",
          "fullFile": "",
          "file": "",
          "beforeHooks": [],
          "afterHooks": [],
          "tests": [
            {
              "title": "Visita la pagina web de inicio de sesion",
              "fullTitle": "Inicio de sesion Visita la pagina web de inicio de sesion",
              "timedOut": null,
              "duration": 1216,
              "state": "failed",
              "speed": null,
              "pass": false,
              "fail": true,
              "pending": false,
              "context": null,
              "code": "cy.visit(\"http://localhost/INVENTARIO-main/INVENTARIO-main/\");\ncy.get('input[name=\"login_usuario\"]').type('Administrador');\ncy.get('input[name=\"login_clave\"]').type('Administrador');\ncy.get('button[type=\"submit\"]').click();",
              "err": {
                "message": "CypressError: `cy.visit()` failed trying to load:\n\nhttp://localhost/INVENTARIO-main/INVENTARIO-main/\n\nWe attempted to make an http request to this URL but the request failed without a response.\n\nWe received this error at the network level:\n\n  > AggregateError\n\nCommon situations why this would fail:\n  - you don't have internet access\n  - you forgot to run / boot your web server\n  - your web server isn't accessible\n  - you have weird network configuration settings on your computer",
                "estack": "CypressError: `cy.visit()` failed trying to load:\n\nhttp://localhost/INVENTARIO-main/INVENTARIO-main/\n\nWe attempted to make an http request to this URL but the request failed without a response.\n\nWe received this error at the network level:\n\n  > AggregateError\n\nCommon situations why this would fail:\n  - you don't have internet access\n  - you forgot to run / boot your web server\n  - your web server isn't accessible\n  - you have weird network configuration settings on your computer\n    at <unknown> (http://localhost:55303/__cypress/runner/cypress_runner.js:133497:74)\n    at visitFailedByErr (http://localhost:55303/__cypress/runner/cypress_runner.js:133071:12)\n    at <unknown> (http://localhost:55303/__cypress/runner/cypress_runner.js:133496:11)\n    at tryCatcher (http://localhost:55303/__cypress/runner/cypress_runner.js:1780:23)\n    at Promise._settlePromiseFromHandler (http://localhost:55303/__cypress/runner/cypress_runner.js:1492:31)\n    at Promise._settlePromise (http://localhost:55303/__cypress/runner/cypress_runner.js:1549:18)\n    at Promise._settlePromise0 (http://localhost:55303/__cypress/runner/cypress_runner.js:1594:10)\n    at Promise._settlePromises (http://localhost:55303/__cypress/runner/cypress_runner.js:1670:18)\n    at _drainQueueStep (http://localhost:55303/__cypress/runner/cypress_runner.js:2380:12)\n    at _drainQueue (http://localhost:55303/__cypress/runner/cypress_runner.js:2373:9)\n    at Async._drainQueues (http://localhost:55303/__cypress/runner/cypress_runner.js:2389:5)\n    at Async.drainQueues (http://localhost:55303/__cypress/runner/cypress_runner.js:2259:14)\nFrom Your Spec Code:\n    at Context.eval (webpack:///./cypress/e2e/trainingFiles/login.cy.js:3:11)\n\nFrom Node.js Internals:\n  AggregateError [ECONNREFUSED]: \n      at internalConnectMultiple (node:net:1193:18)\n      at afterConnectMultiple (node:net:1783:7)",
                "diff": null
              },
              "uuid": "98f44b98-e8a1-49da-af63-45dd868bd1dd",
              "parentUUID": "6e26e809-9fcb-4b6c-9fd4-b33e17cc684e",
              "isHook": false,
              "skipped": false
            }
          ],
          "suites": [],
          "passes": [],
          "failures": [
            "98f44b98-e8a1-49da-af63-45dd868bd1dd"
          ],
          "pending": [],
          "skipped": [],
          "duration": 1216,
          "root": false,
          "rootEmpty": false,
          "_timeout": 2000
        }
      ],
      "passes": [],
      "failures": [],
      "pending": [],
      "skipped": [],
      "duration": 0,
      "root": true,
      "rootEmpty": true,
      "_timeout": 2000
    }
  ],
  "meta": {
    "mocha": {
      "version": "7.2.0"
    },
    "mochawesome": {
      "options": {
        "quiet": false,
        "reportFilename": "mochawesome",
        "saveHtml": true,
        "saveJson": true,
        "consoleReporter": "spec",
        "useInlineDiffs": false,
        "code": true
      },
      "version": "8.0.1"
    },
    "marge": {
      "options": {
        "reportDir": "cypress/reports",
        "overwrite": false,
        "html": true,
        "json": true
      },
      "version": "6.3.2"
    }
  }
}